2021-12-27 13:50:38,869 [Worker-5: Loading available Gradle versions] INFO  o.e.b.c.i.u.g.PublishedGradleVersions - Gradle version information cache is up-to-date. Trying to read.
2021-12-27 13:51:20,583 [Worker-33: Importing Maven projects] INFO  o.e.m.c.i.l.LifecycleMappingFactory - Using org.eclipse.m2e.jdt.JarLifecycleMapping lifecycle mapping for MavenProject: com.filrouge.poe.lyon:JPAPOE:0.0.1-SNAPSHOT @ D:\DIGINAMIC\ECLIPSE\GestionBonsVide\target\classes\META-INF\maven\com_filrouge_poe_lyon\JPAPOE\pom.xml.
2021-12-27 13:51:20,916 [Worker-33: Importing Maven projects] INFO  o.e.m.j.i.AbstractJavaProjectConfigurator - Adding source folder /JPAPOE/src/main/java
2021-12-27 13:51:20,916 [Worker-33: Importing Maven projects] INFO  o.e.m.j.i.AbstractJavaProjectConfigurator - Adding source folder /JPAPOE/src/test/java
2021-12-27 13:51:21,641 [Worker-33: Importing Maven projects] INFO  o.e.m.c.i.p.ProjectConfigurationManager - Imported and configured 1 project(s) in 1 sec
2021-12-27 13:51:22,024 [Worker-32: Building] INFO  o.e.m.c.i.embedder.EclipseLogger - Using 'UTF-8' encoding to copy filtered resources.
2021-12-27 13:51:22,024 [Worker-32: Building] INFO  o.e.m.c.i.embedder.EclipseLogger - skip non existing resourceDirectory D:\DIGINAMIC\ECLIPSE\GestionBonsVide\target\classes\META-INF\maven\com_filrouge_poe_lyon\JPAPOE\src\main\resources
2021-12-27 13:51:22,026 [Worker-32: Building] INFO  o.e.m.c.i.embedder.EclipseLogger - Using 'UTF-8' encoding to copy filtered resources.
2021-12-27 13:51:22,026 [Worker-32: Building] INFO  o.e.m.c.i.embedder.EclipseLogger - skip non existing resourceDirectory D:\DIGINAMIC\ECLIPSE\GestionBonsVide\target\classes\META-INF\maven\com_filrouge_poe_lyon\JPAPOE\src\test\resources
2021-12-27 14:00:26,417 [Worker-41: Importing Maven projects] INFO  o.e.m.c.i.l.LifecycleMappingFactory - Using org.eclipse.m2e.jdt.JarLifecycleMapping lifecycle mapping for MavenProject: com.filrouge.poe.lyon:JPAPOE:0.0.1-SNAPSHOT @ D:\DIGINAMIC\ECLIPSE\GestionBonsVide\target\classes\META-INF\maven\com_filrouge_poe_lyon\JPAPOE\pom.xml.
2021-12-27 14:00:26,552 [Worker-41: Importing Maven projects] INFO  o.e.m.j.i.AbstractJavaProjectConfigurator - Adding source folder /JPAPOE/src/main/java
2021-12-27 14:00:26,552 [Worker-41: Importing Maven projects] INFO  o.e.m.j.i.AbstractJavaProjectConfigurator - Adding source folder /JPAPOE/src/test/java
2021-12-27 14:00:26,598 [Worker-41: Importing Maven projects] INFO  o.e.m.c.i.p.ProjectConfigurationManager - Imported and configured 1 project(s) in 0 sec
2021-12-27 14:00:26,767 [Worker-41: Building] INFO  o.e.m.c.i.embedder.EclipseLogger - Using 'UTF-8' encoding to copy filtered resources.
2021-12-27 14:00:26,767 [Worker-41: Building] INFO  o.e.m.c.i.embedder.EclipseLogger - skip non existing resourceDirectory D:\DIGINAMIC\ECLIPSE\GestionBonsVide\target\classes\META-INF\maven\com_filrouge_poe_lyon\JPAPOE\src\main\resources
2021-12-27 14:00:26,768 [Worker-41: Building] INFO  o.e.m.c.i.embedder.EclipseLogger - Using 'UTF-8' encoding to copy filtered resources.
2021-12-27 14:00:26,768 [Worker-41: Building] INFO  o.e.m.c.i.embedder.EclipseLogger - skip non existing resourceDirectory D:\DIGINAMIC\ECLIPSE\GestionBonsVide\target\classes\META-INF\maven\com_filrouge_poe_lyon\JPAPOE\src\test\resources
2021-12-27 14:00:27,920 [Worker-40: Building] INFO  o.e.m.c.i.embedder.EclipseLogger - Using 'UTF-8' encoding to copy filtered resources.
2021-12-27 14:00:27,920 [Worker-40: Building] INFO  o.e.m.c.i.embedder.EclipseLogger - skip non existing resourceDirectory D:\DIGINAMIC\ECLIPSE\GestionBonsVide\target\classes\META-INF\maven\com_filrouge_poe_lyon\JPAPOE\src\main\resources
2021-12-27 14:00:27,921 [Worker-40: Building] INFO  o.e.m.c.i.embedder.EclipseLogger - Using 'UTF-8' encoding to copy filtered resources.
2021-12-27 14:00:27,921 [Worker-40: Building] INFO  o.e.m.c.i.embedder.EclipseLogger - skip non existing resourceDirectory D:\DIGINAMIC\ECLIPSE\GestionBonsVide\target\classes\META-INF\maven\com_filrouge_poe_lyon\JPAPOE\src\test\resources
